<?xml version="1.0" encoding="UTF-8"?>
<testng-results ignored="0" total="1" passed="1" failed="0" skipped="0">
  <reporter-output>
    <line>
      <![CDATA[Browser Launch--- log Message]]>
    </line>
    <line>
      <![CDATA[login Done--- log Message]]>
    </line>
    <line>
      <![CDATA[Logout complete--- log Message]]>
    </line>
  </reporter-output>
  <suite started-at="2023-03-30T00:03:05 IST" name="Suite" finished-at="2023-03-30T00:03:15 IST" duration-ms="10272">
    <groups>
    </groups>
    <test started-at="2023-03-30T00:03:05 IST" name="ChromwTest" finished-at="2023-03-30T00:03:15 IST" duration-ms="10272">
      <class name="hrms_testscripts.TC02">
        <test-method signature="testmethod()[pri:0, instance:hrms_testscripts.TC02@4e28bdd1]" started-at="2023-03-30T00:03:05 IST" name="testmethod" finished-at="2023-03-30T00:03:15 IST" duration-ms="10194" status="PASS">
          <reporter-output>
            <line>
              <![CDATA[Browser Launch--- log Message]]>
            </line>
            <line>
              <![CDATA[login Done--- log Message]]>
            </line>
            <line>
              <![CDATA[Logout complete--- log Message]]>
            </line>
          </reporter-output>
        </test-method> <!-- testmethod -->
      </class> <!-- hrms_testscripts.TC02 -->
    </test> <!-- ChromwTest -->
  </suite> <!-- Suite -->
</testng-results>
